[90mThu, 01 Sep 2022 17:34:13 -0400[0m [32mINF[0m [1mgithub.com/Telmate/terraform-provider-proxmox/proxmox/util.go:155[0m[36m >[0m Enabling the capture of log-library logs as ithe _capturelog flag was detected
[90mThu, 01 Sep 2022 17:34:13 -0400[0m [32mINF[0m [1mgithub.com/Telmate/terraform-provider-proxmox/proxmox/util.go:188[0m[36m >[0m Logging Started. Root Logger Set to level debug
[90mThu, 01 Sep 2022 17:34:15 -0400[0m [32mINF[0m [1mgithub.com/Telmate/terraform-provider-proxmox/proxmox/util.go:155[0m[36m >[0m Enabling the capture of log-library logs as ithe _capturelog flag was detected
[90mThu, 01 Sep 2022 17:34:15 -0400[0m [32mINF[0m [1mgithub.com/Telmate/terraform-provider-proxmox/proxmox/util.go:188[0m[36m >[0m Logging Started. Root Logger Set to level debug
2022/09/01 17:34:15 [DEBUG] setting computed for "unused_disk" from ComputedKeys
[90mThu, 01 Sep 2022 17:34:15 -0400[0m [33mDBG[0m [1mgithub.com/Telmate/terraform-provider-proxmox/proxmox/resource_vm_qemu.go:668[0m[36m >[0m Invoking VM create with resource data:  '{"additional_wait":0,"agent":0,"args":"","balloon":0,"bios":"seabios","boot":"c","bootdisk":"","bridge":"","ci_wait":0,"cicustom":"","cipassword":"","ciuser":"","clone":"debian-cloudinit","clone_wait":0,"cloudinit_cdrom_storage":"","cores":2,"cpu":"host","default_ipv4_address":"","define_connection_info":true,"desc":"Centos demo server with Terraform","disk":[{"backup":0,"cache":"none","discard":"","file":"","format":"","iothread":0,"mbps":0,"mbps_rd":0,"mbps_rd_max":0,"mbps_wr":0,"mbps_wr_max":0,"media":"","replicate":0,"size":"32G","slot":0,"ssd":0,"storage":"ssd1","storage_type":"","type":"scsi","volume":""}],"disk_gb":0,"force_create":false,"force_recreate_on_change_of":"","full_clone":true,"guest_agent_ready_timeout":100,"hagroup":"","hastate":"","hotplug":"network,disk,usb","ipconfig0":"ip=10.0.0.150/24,gw=10.0.0.1","ipconfig1":"","ipconfig2":"","ipconfig3":"","ipconfig4":"","ipconfig5":"","iso":"","kvm":true,"mac":"","memory":2048,"name":"terra_srv2","nameserver":"","network":[{"bridge":"vmbr0","firewall":false,"link_down":false,"macaddr":"","model":"virtio","queues":0,"rate":0,"tag":-1}],"nic":"","numa":false,"onboot":false,"oncreate":true,"os_network_config":"","os_type":"cloud-init","pool":"","preprovision":true,"qemu_os":"","reboot_required":false,"scsihw":"","searchdomain":"","serial":[],"sockets":1,"ssh_forward_ip":"","ssh_host":"","ssh_port":"","ssh_private_key":"","ssh_user":"","sshkeys":"","storage":"","storage_type":"","tablet":true,"tags":"","target_node":"pve4","unused_disk":[],"vcpus":0,"vga":[],"vlan":-1,"vmid":0}' [36mloggerName=[0mresource_vm_create [36mvmid=[0m
2022/09/01 17:34:15 [DEBUG][QemuVmCreate] checking for duplicate name: terra_srv2
2022/09/01 17:34:15 [DEBUG][QemuVmCreate] cloning VM
[90mThu, 01 Sep 2022 17:35:46 -0400[0m [32mINF[0m [1mgithub.com/Telmate/terraform-provider-proxmox/proxmox/util.go:155[0m[36m >[0m Enabling the capture of log-library logs as ithe _capturelog flag was detected
[90mThu, 01 Sep 2022 17:35:46 -0400[0m [32mINF[0m [1mgithub.com/Telmate/terraform-provider-proxmox/proxmox/util.go:188[0m[36m >[0m Logging Started. Root Logger Set to level debug
[90mThu, 01 Sep 2022 17:35:48 -0400[0m [32mINF[0m [1mgithub.com/Telmate/terraform-provider-proxmox/proxmox/util.go:155[0m[36m >[0m Enabling the capture of log-library logs as ithe _capturelog flag was detected
[90mThu, 01 Sep 2022 17:35:48 -0400[0m [32mINF[0m [1mgithub.com/Telmate/terraform-provider-proxmox/proxmox/util.go:188[0m[36m >[0m Logging Started. Root Logger Set to level debug
2022/09/01 17:35:48 [DEBUG] setting computed for "unused_disk" from ComputedKeys
[90mThu, 01 Sep 2022 17:35:48 -0400[0m [33mDBG[0m [1mgithub.com/Telmate/terraform-provider-proxmox/proxmox/resource_vm_qemu.go:668[0m[36m >[0m Invoking VM create with resource data:  '{"additional_wait":0,"agent":0,"args":"","balloon":0,"bios":"seabios","boot":"c","bootdisk":"","bridge":"","ci_wait":0,"cicustom":"","cipassword":"","ciuser":"","clone":"debian-cloudinit","clone_wait":0,"cloudinit_cdrom_storage":"","cores":2,"cpu":"host","default_ipv4_address":"","define_connection_info":true,"desc":"Centos demo server with Terraform","disk":[{"backup":0,"cache":"none","discard":"","file":"","format":"","iothread":0,"mbps":0,"mbps_rd":0,"mbps_rd_max":0,"mbps_wr":0,"mbps_wr_max":0,"media":"","replicate":0,"size":"32G","slot":0,"ssd":0,"storage":"ssd1","storage_type":"","type":"scsi","volume":""}],"disk_gb":0,"force_create":false,"force_recreate_on_change_of":"","full_clone":true,"guest_agent_ready_timeout":100,"hagroup":"","hastate":"","hotplug":"network,disk,usb","ipconfig0":"ip=10.0.0.150/24,gw=10.0.0.1","ipconfig1":"","ipconfig2":"","ipconfig3":"","ipconfig4":"","ipconfig5":"","iso":"","kvm":true,"mac":"","memory":2048,"name":"terra_srv2","nameserver":"","network":[{"bridge":"vmbr0","firewall":false,"link_down":false,"macaddr":"","model":"virtio","queues":0,"rate":0,"tag":-1}],"nic":"","numa":false,"onboot":false,"oncreate":true,"os_network_config":"","os_type":"cloud-init","pool":"","preprovision":true,"qemu_os":"","reboot_required":false,"scsihw":"","searchdomain":"","serial":[],"sockets":1,"ssh_forward_ip":"","ssh_host":"","ssh_port":"","ssh_private_key":"","ssh_user":"","sshkeys":"","storage":"","storage_type":"","tablet":true,"tags":"","target_node":"pve4","unused_disk":[],"vcpus":0,"vga":[],"vlan":-1,"vmid":0}' [36mloggerName=[0mresource_vm_create [36mvmid=[0m
2022/09/01 17:35:48 [DEBUG][QemuVmCreate] checking for duplicate name: terra_srv2
2022/09/01 17:35:48 [DEBUG][QemuVmCreate] cloning VM
[90mThu, 01 Sep 2022 17:38:17 -0400[0m [32mINF[0m [1mgithub.com/Telmate/terraform-provider-proxmox/proxmox/util.go:155[0m[36m >[0m Enabling the capture of log-library logs as ithe _capturelog flag was detected
[90mThu, 01 Sep 2022 17:38:17 -0400[0m [32mINF[0m [1mgithub.com/Telmate/terraform-provider-proxmox/proxmox/util.go:188[0m[36m >[0m Logging Started. Root Logger Set to level debug
[90mThu, 01 Sep 2022 17:38:22 -0400[0m [32mINF[0m [1mgithub.com/Telmate/terraform-provider-proxmox/proxmox/util.go:155[0m[36m >[0m Enabling the capture of log-library logs as ithe _capturelog flag was detected
[90mThu, 01 Sep 2022 17:38:22 -0400[0m [32mINF[0m [1mgithub.com/Telmate/terraform-provider-proxmox/proxmox/util.go:188[0m[36m >[0m Logging Started. Root Logger Set to level debug
[90mThu, 01 Sep 2022 17:38:24 -0400[0m [32mINF[0m [1mgithub.com/Telmate/terraform-provider-proxmox/proxmox/util.go:155[0m[36m >[0m Enabling the capture of log-library logs as ithe _capturelog flag was detected
[90mThu, 01 Sep 2022 17:38:24 -0400[0m [32mINF[0m [1mgithub.com/Telmate/terraform-provider-proxmox/proxmox/util.go:188[0m[36m >[0m Logging Started. Root Logger Set to level debug
2022/09/01 17:38:24 [DEBUG] setting computed for "unused_disk" from ComputedKeys
[90mThu, 01 Sep 2022 17:38:24 -0400[0m [33mDBG[0m [1mgithub.com/Telmate/terraform-provider-proxmox/proxmox/resource_vm_qemu.go:668[0m[36m >[0m Invoking VM create with resource data:  '{"additional_wait":0,"agent":0,"args":"","balloon":0,"bios":"seabios","boot":"c","bootdisk":"scsi0","bridge":"","ci_wait":0,"cicustom":"","cipassword":"","ciuser":"","clone":"debian-cloudinit","clone_wait":0,"cloudinit_cdrom_storage":"","cores":4,"cpu":"host","default_ipv4_address":"","define_connection_info":true,"desc":"","disk":[{"backup":0,"cache":"none","discard":"","file":"","format":"","iothread":0,"mbps":0,"mbps_rd":0,"mbps_rd_max":0,"mbps_wr":0,"mbps_wr_max":0,"media":"","replicate":0,"size":"20G","slot":0,"ssd":0,"storage":"data2","storage_type":"","type":"scsi","volume":""}],"disk_gb":0,"force_create":false,"force_recreate_on_change_of":"","full_clone":true,"guest_agent_ready_timeout":100,"hagroup":"","hastate":"","hotplug":"network,disk,usb","ipconfig0":"ip=10.10.10.151/24,gw=10.10.10.1","ipconfig1":"","ipconfig2":"","ipconfig3":"","ipconfig4":"","ipconfig5":"","iso":"","kvm":true,"mac":"","memory":2048,"name":"tf-vm-0","nameserver":"","network":[{"bridge":"vmbr0","firewall":false,"link_down":false,"macaddr":"","model":"virtio","queues":0,"rate":0,"tag":-1}],"nic":"","numa":false,"onboot":false,"oncreate":true,"os_network_config":"","os_type":"cloud-init","pool":"","preprovision":true,"qemu_os":"","reboot_required":false,"scsihw":"virtio-scsi-pci","searchdomain":"","serial":[],"sockets":1,"ssh_forward_ip":"","ssh_host":"","ssh_port":"","ssh_private_key":"","ssh_user":"","sshkeys":"  ssh-rsa AAAAB3NzaC1yc2EAAAADAQABAAABgQC+5ymclc5Zq7FxLu6yua9hzZV4nctXaO7eNDun0qE69BenWk5FNP8akf4NaljzG1uxOhjkTWLWjHMCt9EK85CzYwPA874NGLyoNI8/2n9CMS9qLGOZYyAXfwLxQOg+xGUk4oTY3VdTcaBWkaouxH4ymsNFubf7UfVHlqZofi4v5L4sAJgHMOsrlYQhIhNgOzSEL0VbT6NhKx5QE7G9ZT2/LL/vupSFCu7hudqeWTWMRV2A/lgEi3l0dEOZpx3kH2DhXDPfFNaw5eVrok/LYCHCVZeY3eKcAYLYLTDQjLpkQ5GTB6TAt1wo4CEP8n67qEYgX7d0zXDjtRWYBuxgqwCL8VjkjvVPRzNDGCKeqM4Il3mciVmGoiQFEyuPLRThH/zuKfmQE51xALYbVfbGT05LcDtNv0rJcHjQA2hD4Dz86p1Gip4VSWCSBtvFs16PPZnUWv4zE39K4DmK9ARujW5sg41/NkcVxDxLAFAe/cdcGPxmEtXBWbIRxtW18egK9A0= javier@javier-pc\n","storage":"","storage_type":"","tablet":true,"tags":"","target_node":"$NODETOBEDEPLOYED","unused_disk":[],"vcpus":0,"vga":[],"vlan":-1,"vmid":0}' [36mloggerName=[0mresource_vm_create [36mvmid=[0m
2022/09/01 17:38:24 [DEBUG][QemuVmCreate] checking for duplicate name: tf-vm-0
2022/09/01 17:38:24 [DEBUG][QemuVmCreate] cloning VM
[90mThu, 01 Sep 2022 17:39:53 -0400[0m [32mINF[0m [1mgithub.com/Telmate/terraform-provider-proxmox/proxmox/util.go:155[0m[36m >[0m Enabling the capture of log-library logs as ithe _capturelog flag was detected
[90mThu, 01 Sep 2022 17:39:53 -0400[0m [32mINF[0m [1mgithub.com/Telmate/terraform-provider-proxmox/proxmox/util.go:188[0m[36m >[0m Logging Started. Root Logger Set to level debug
[90mThu, 01 Sep 2022 17:39:57 -0400[0m [32mINF[0m [1mgithub.com/Telmate/terraform-provider-proxmox/proxmox/util.go:155[0m[36m >[0m Enabling the capture of log-library logs as ithe _capturelog flag was detected
[90mThu, 01 Sep 2022 17:39:57 -0400[0m [32mINF[0m [1mgithub.com/Telmate/terraform-provider-proxmox/proxmox/util.go:188[0m[36m >[0m Logging Started. Root Logger Set to level debug
[90mThu, 01 Sep 2022 17:39:59 -0400[0m [32mINF[0m [1mgithub.com/Telmate/terraform-provider-proxmox/proxmox/util.go:155[0m[36m >[0m Enabling the capture of log-library logs as ithe _capturelog flag was detected
[90mThu, 01 Sep 2022 17:39:59 -0400[0m [32mINF[0m [1mgithub.com/Telmate/terraform-provider-proxmox/proxmox/util.go:188[0m[36m >[0m Logging Started. Root Logger Set to level debug
2022/09/01 17:39:59 [DEBUG] setting computed for "unused_disk" from ComputedKeys
[90mThu, 01 Sep 2022 17:39:59 -0400[0m [33mDBG[0m [1mgithub.com/Telmate/terraform-provider-proxmox/proxmox/resource_vm_qemu.go:668[0m[36m >[0m Invoking VM create with resource data:  '{"additional_wait":0,"agent":0,"args":"","balloon":0,"bios":"seabios","boot":"c","bootdisk":"scsi0","bridge":"","ci_wait":0,"cicustom":"","cipassword":"","ciuser":"","clone":"debian-cloudinit","clone_wait":0,"cloudinit_cdrom_storage":"","cores":4,"cpu":"host","default_ipv4_address":"","define_connection_info":true,"desc":"","disk":[{"backup":0,"cache":"none","discard":"","file":"","format":"","iothread":0,"mbps":0,"mbps_rd":0,"mbps_rd_max":0,"mbps_wr":0,"mbps_wr_max":0,"media":"","replicate":0,"size":"20G","slot":0,"ssd":0,"storage":"data2","storage_type":"","type":"scsi","volume":""}],"disk_gb":0,"force_create":false,"force_recreate_on_change_of":"","full_clone":true,"guest_agent_ready_timeout":100,"hagroup":"","hastate":"","hotplug":"network,disk,usb","ipconfig0":"ip=10.10.10.151/24,gw=10.10.10.1","ipconfig1":"","ipconfig2":"","ipconfig3":"","ipconfig4":"","ipconfig5":"","iso":"","kvm":true,"mac":"","memory":2048,"name":"tf-vm-0","nameserver":"","network":[{"bridge":"vmbr0","firewall":false,"link_down":false,"macaddr":"","model":"virtio","queues":0,"rate":0,"tag":-1}],"nic":"","numa":false,"onboot":false,"oncreate":true,"os_network_config":"","os_type":"cloud-init","pool":"","preprovision":true,"qemu_os":"","reboot_required":false,"scsihw":"virtio-scsi-pci","searchdomain":"","serial":[],"sockets":1,"ssh_forward_ip":"","ssh_host":"","ssh_port":"","ssh_private_key":"","ssh_user":"","sshkeys":"  ssh-rsa AAAAB3NzaC1yc2EAAAADAQABAAABgQC+5ymclc5Zq7FxLu6yua9hzZV4nctXaO7eNDun0qE69BenWk5FNP8akf4NaljzG1uxOhjkTWLWjHMCt9EK85CzYwPA874NGLyoNI8/2n9CMS9qLGOZYyAXfwLxQOg+xGUk4oTY3VdTcaBWkaouxH4ymsNFubf7UfVHlqZofi4v5L4sAJgHMOsrlYQhIhNgOzSEL0VbT6NhKx5QE7G9ZT2/LL/vupSFCu7hudqeWTWMRV2A/lgEi3l0dEOZpx3kH2DhXDPfFNaw5eVrok/LYCHCVZeY3eKcAYLYLTDQjLpkQ5GTB6TAt1wo4CEP8n67qEYgX7d0zXDjtRWYBuxgqwCL8VjkjvVPRzNDGCKeqM4Il3mciVmGoiQFEyuPLRThH/zuKfmQE51xALYbVfbGT05LcDtNv0rJcHjQA2hD4Dz86p1Gip4VSWCSBtvFs16PPZnUWv4zE39K4DmK9ARujW5sg41/NkcVxDxLAFAe/cdcGPxmEtXBWbIRxtW18egK9A0= javier@javier-pc\n","storage":"","storage_type":"","tablet":true,"tags":"","target_node":"pve1","unused_disk":[],"vcpus":0,"vga":[],"vlan":-1,"vmid":0}' [36mloggerName=[0mresource_vm_create [36mvmid=[0m
2022/09/01 17:39:59 [DEBUG][QemuVmCreate] checking for duplicate name: tf-vm-0
2022/09/01 17:39:59 [DEBUG][QemuVmCreate] cloning VM
[90mThu, 01 Sep 2022 18:09:20 -0400[0m [32mINF[0m [1mgithub.com/Telmate/terraform-provider-proxmox/proxmox/util.go:155[0m[36m >[0m Enabling the capture of log-library logs as ithe _capturelog flag was detected
[90mThu, 01 Sep 2022 18:09:20 -0400[0m [32mINF[0m [1mgithub.com/Telmate/terraform-provider-proxmox/proxmox/util.go:188[0m[36m >[0m Logging Started. Root Logger Set to level debug
[90mThu, 01 Sep 2022 18:09:44 -0400[0m [32mINF[0m [1mgithub.com/Telmate/terraform-provider-proxmox/proxmox/util.go:155[0m[36m >[0m Enabling the capture of log-library logs as ithe _capturelog flag was detected
[90mThu, 01 Sep 2022 18:09:44 -0400[0m [32mINF[0m [1mgithub.com/Telmate/terraform-provider-proxmox/proxmox/util.go:188[0m[36m >[0m Logging Started. Root Logger Set to level debug
[90mThu, 01 Sep 2022 18:10:38 -0400[0m [32mINF[0m [1mgithub.com/Telmate/terraform-provider-proxmox/proxmox/util.go:155[0m[36m >[0m Enabling the capture of log-library logs as ithe _capturelog flag was detected
[90mThu, 01 Sep 2022 18:10:38 -0400[0m [32mINF[0m [1mgithub.com/Telmate/terraform-provider-proxmox/proxmox/util.go:188[0m[36m >[0m Logging Started. Root Logger Set to level debug
[90mThu, 01 Sep 2022 18:12:53 -0400[0m [32mINF[0m [1mgithub.com/Telmate/terraform-provider-proxmox/proxmox/util.go:155[0m[36m >[0m Enabling the capture of log-library logs as ithe _capturelog flag was detected
[90mThu, 01 Sep 2022 18:12:53 -0400[0m [32mINF[0m [1mgithub.com/Telmate/terraform-provider-proxmox/proxmox/util.go:188[0m[36m >[0m Logging Started. Root Logger Set to level debug
[90mThu, 01 Sep 2022 18:13:02 -0400[0m [32mINF[0m [1mgithub.com/Telmate/terraform-provider-proxmox/proxmox/util.go:155[0m[36m >[0m Enabling the capture of log-library logs as ithe _capturelog flag was detected
[90mThu, 01 Sep 2022 18:13:02 -0400[0m [32mINF[0m [1mgithub.com/Telmate/terraform-provider-proxmox/proxmox/util.go:188[0m[36m >[0m Logging Started. Root Logger Set to level debug
[90mThu, 01 Sep 2022 18:13:05 -0400[0m [32mINF[0m [1mgithub.com/Telmate/terraform-provider-proxmox/proxmox/util.go:155[0m[36m >[0m Enabling the capture of log-library logs as ithe _capturelog flag was detected
[90mThu, 01 Sep 2022 18:13:05 -0400[0m [32mINF[0m [1mgithub.com/Telmate/terraform-provider-proxmox/proxmox/util.go:188[0m[36m >[0m Logging Started. Root Logger Set to level debug
2022/09/01 18:13:05 [DEBUG] setting computed for "unused_disk" from ComputedKeys
2022/09/01 18:13:05 [DEBUG] setting computed for "unused_disk" from ComputedKeys
[90mThu, 01 Sep 2022 18:13:05 -0400[0m [33mDBG[0m [1mgithub.com/Telmate/terraform-provider-proxmox/proxmox/resource_vm_qemu.go:668[0m[36m >[0m Invoking VM create with resource data:  '{"additional_wait":0,"agent":1,"args":"","balloon":0,"bios":"seabios","boot":"c","bootdisk":"scsi0","bridge":"","ci_wait":0,"cicustom":"","cipassword":"","ciuser":"","clone":"ubuntu-cloud","clone_wait":0,"cloudinit_cdrom_storage":"","cores":2,"cpu":"host","default_ipv4_address":"","define_connection_info":true,"desc":"","disk":[{"backup":0,"cache":"none","discard":"","file":"","format":"","iothread":1,"mbps":0,"mbps_rd":0,"mbps_rd_max":0,"mbps_wr":0,"mbps_wr_max":0,"media":"","replicate":0,"size":"20G","slot":0,"ssd":0,"storage":"local-lvm","storage_type":"","type":"scsi","volume":""}],"disk_gb":0,"force_create":false,"force_recreate_on_change_of":"","full_clone":true,"guest_agent_ready_timeout":100,"hagroup":"","hastate":"","hotplug":"network,disk,usb","ipconfig0":"ip=10.0.0.107/24,gw=10.0.0.1","ipconfig1":"","ipconfig2":"","ipconfig3":"","ipconfig4":"","ipconfig5":"","iso":"","kvm":true,"mac":"","memory":2048,"name":"tf-test2","nameserver":"","network":[{"bridge":"vmbr0","firewall":false,"link_down":false,"macaddr":"","model":"virtio","queues":0,"rate":0,"tag":100}],"nic":"","numa":false,"onboot":false,"oncreate":true,"os_network_config":"","os_type":"cloud-init","pool":"","preprovision":true,"qemu_os":"","reboot_required":false,"scsihw":"virtio-scsi-pci","searchdomain":"","serial":[],"sockets":1,"ssh_forward_ip":"","ssh_host":"","ssh_port":"","ssh_private_key":"","ssh_user":"","sshkeys":"ssh-rsa AAAAB3NzaC1yc2EAAAADAQABAAABgQC+5ymclc5Zq7FxLu6yua9hzZV4nctXaO7eNDun0qE69BenWk5FNP8akf4NaljzG1uxOhjkTWLWjHMCt9EK85CzYwPA874NGLyoNI8/2n9CMS9qLGOZYyAXfwLxQOg+xGUk4oTY3VdTcaBWkaouxH4ymsNFubf7UfVHlqZofi4v5L4sAJgHMOsrlYQhIhNgOzSEL0VbT6NhKx5QE7G9ZT2/LL/vupSFCu7hudqeWTWMRV2A/lgEi3l0dEOZpx3kH2DhXDPfFNaw5eVrok/LYCHCVZeY3eKcAYLYLTDQjLpkQ5GTB6TAt1wo4CEP8n67qEYgX7d0zXDjtRWYBuxgqwCL8VjkjvVPRzNDGCKeqM4Il3mciVmGoiQFEyuPLRThH/zuKfmQE51xALYbVfbGT05LcDtNv0rJcHjQA2hD4Dz86p1Gip4VSWCSBtvFs16PPZnUWv4zE39K4DmK9ARujW5sg41/NkcVxDxLAFAe/cdcGPxmEtXBWbIRxtW18egK9A0= javier@javier-pc","storage":"","storage_type":"","tablet":true,"tags":"","target_node":"pve4","unused_disk":[],"vcpus":0,"vga":[],"vlan":-1,"vmid":0}' [36mloggerName=[0mresource_vm_create [36mvmid=[0m
2022/09/01 18:13:05 [DEBUG][QemuVmCreate] checking for duplicate name: tf-test2
[90mThu, 01 Sep 2022 18:13:05 -0400[0m [33mDBG[0m [1mgithub.com/Telmate/terraform-provider-proxmox/proxmox/resource_vm_qemu.go:668[0m[36m >[0m Invoking VM create with resource data:  '{"additional_wait":0,"agent":1,"args":"","balloon":0,"bios":"seabios","boot":"c","bootdisk":"scsi0","bridge":"","ci_wait":0,"cicustom":"","cipassword":"","ciuser":"","clone":"ubuntu-cloud","clone_wait":0,"cloudinit_cdrom_storage":"","cores":2,"cpu":"host","default_ipv4_address":"","define_connection_info":true,"desc":"","disk":[{"backup":0,"cache":"none","discard":"","file":"","format":"","iothread":1,"mbps":0,"mbps_rd":0,"mbps_rd_max":0,"mbps_wr":0,"mbps_wr_max":0,"media":"","replicate":0,"size":"20G","slot":0,"ssd":0,"storage":"local-lvm","storage_type":"","type":"scsi","volume":""}],"disk_gb":0,"force_create":false,"force_recreate_on_change_of":"","full_clone":true,"guest_agent_ready_timeout":100,"hagroup":"","hastate":"","hotplug":"network,disk,usb","ipconfig0":"ip=10.0.0.106/24,gw=10.0.0.1","ipconfig1":"","ipconfig2":"","ipconfig3":"","ipconfig4":"","ipconfig5":"","iso":"","kvm":true,"mac":"","memory":2048,"name":"tf-test","nameserver":"","network":[{"bridge":"vmbr0","firewall":false,"link_down":false,"macaddr":"","model":"virtio","queues":0,"rate":0,"tag":100}],"nic":"","numa":false,"onboot":false,"oncreate":true,"os_network_config":"","os_type":"cloud-init","pool":"","preprovision":true,"qemu_os":"","reboot_required":false,"scsihw":"virtio-scsi-pci","searchdomain":"","serial":[],"sockets":1,"ssh_forward_ip":"","ssh_host":"","ssh_port":"","ssh_private_key":"","ssh_user":"","sshkeys":"ssh-rsa AAAAB3NzaC1yc2EAAAADAQABAAABgQC+5ymclc5Zq7FxLu6yua9hzZV4nctXaO7eNDun0qE69BenWk5FNP8akf4NaljzG1uxOhjkTWLWjHMCt9EK85CzYwPA874NGLyoNI8/2n9CMS9qLGOZYyAXfwLxQOg+xGUk4oTY3VdTcaBWkaouxH4ymsNFubf7UfVHlqZofi4v5L4sAJgHMOsrlYQhIhNgOzSEL0VbT6NhKx5QE7G9ZT2/LL/vupSFCu7hudqeWTWMRV2A/lgEi3l0dEOZpx3kH2DhXDPfFNaw5eVrok/LYCHCVZeY3eKcAYLYLTDQjLpkQ5GTB6TAt1wo4CEP8n67qEYgX7d0zXDjtRWYBuxgqwCL8VjkjvVPRzNDGCKeqM4Il3mciVmGoiQFEyuPLRThH/zuKfmQE51xALYbVfbGT05LcDtNv0rJcHjQA2hD4Dz86p1Gip4VSWCSBtvFs16PPZnUWv4zE39K4DmK9ARujW5sg41/NkcVxDxLAFAe/cdcGPxmEtXBWbIRxtW18egK9A0= javier@javier-pc","storage":"","storage_type":"","tablet":true,"tags":"","target_node":"pve4","unused_disk":[],"vcpus":0,"vga":[],"vlan":-1,"vmid":0}' [36mloggerName=[0mresource_vm_create [36mvmid=[0m
2022/09/01 18:13:05 [DEBUG][QemuVmCreate] checking for duplicate name: tf-test
2022/09/01 18:13:05 [DEBUG][QemuVmCreate] cloning VM
2022/09/01 18:13:05 [DEBUG][QemuVmCreate] cloning VM
[90mThu, 01 Sep 2022 18:14:19 -0400[0m [33mDBG[0m [1mgithub.com/Telmate/terraform-provider-proxmox/proxmox/resource_vm_qemu.go:803[0m[36m >[0m Original disks: 'map[0:map[backup:0 cache:none discard: file: format: iothread:1 mbps:0 mbps_rd:0 mbps_rd_max:0 mbps_wr:0 mbps_wr_max:0 media: replicate:0 size:20G slot:0 ssd:0 storage:local-lvm storage_type: type:scsi volume:]]', Clone Disks 'map[0:map[file:vm-143-disk-0 format:raw size:2252M slot:0 storage:local-lvm storage_type:lvmthin type:scsi volume:local-lvm:vm-143-disk-0]]' [36mloggerName=[0mresource_vm_create [36mvmid=[0m
[90mThu, 01 Sep 2022 18:14:19 -0400[0m [33mDBG[0m [1mgithub.com/Telmate/terraform-provider-proxmox/proxmox/resource_vm_qemu.go:803[0m[36m >[0m Original disks: 'map[0:map[backup:0 cache:none discard: file: format: iothread:1 mbps:0 mbps_rd:0 mbps_rd_max:0 mbps_wr:0 mbps_wr_max:0 media: replicate:0 size:20G slot:0 ssd:0 storage:local-lvm storage_type: type:scsi volume:]]', Clone Disks 'map[0:map[file:vm-140-disk-0 format:raw size:2252M slot:0 storage:local-lvm storage_type:lvmthin type:scsi volume:local-lvm:vm-140-disk-0]]' [36mloggerName=[0mresource_vm_create [36mvmid=[0m
[90mThu, 01 Sep 2022 18:14:22 -0400[0m [33mDBG[0m [1mgithub.com/Telmate/terraform-provider-proxmox/proxmox/resource_vm_qemu.go:1467[0m[36m >[0m Checking disk sizing. Original '20', New '2.19921875' [36mdiskId=[0m0 [36mloggerName=[0mprepareDiskSize
[90mThu, 01 Sep 2022 18:14:22 -0400[0m [33mDBG[0m [1mgithub.com/Telmate/terraform-provider-proxmox/proxmox/resource_vm_qemu.go:1469[0m[36m >[0m Resizing disk. Original '20', New '2.19921875' [36mdiskId=[0m0 [36mloggerName=[0mprepareDiskSize
[90mThu, 01 Sep 2022 18:14:22 -0400[0m [33mDBG[0m [1mgithub.com/Telmate/terraform-provider-proxmox/proxmox/resource_vm_qemu.go:1467[0m[36m >[0m Checking disk sizing. Original '20', New '2.19921875' [36mdiskId=[0m0 [36mloggerName=[0mprepareDiskSize
[90mThu, 01 Sep 2022 18:14:22 -0400[0m [33mDBG[0m [1mgithub.com/Telmate/terraform-provider-proxmox/proxmox/resource_vm_qemu.go:1469[0m[36m >[0m Resizing disk. Original '20', New '2.19921875' [36mdiskId=[0m0 [36mloggerName=[0mprepareDiskSize
[90mThu, 01 Sep 2022 18:14:23 -0400[0m [33mDBG[0m [1mgithub.com/Telmate/terraform-provider-proxmox/proxmox/resource_vm_qemu.go:867[0m[36m >[0m Set this vm (resource Id) to 'pve4/qemu/143' [36mloggerName=[0mresource_vm_create [36mvmid=[0m143
2022/09/01 18:14:23 [DEBUG][QemuVmCreate] starting VM
[90mThu, 01 Sep 2022 18:14:23 -0400[0m [33mDBG[0m [1mgithub.com/Telmate/terraform-provider-proxmox/proxmox/resource_vm_qemu.go:867[0m[36m >[0m Set this vm (resource Id) to 'pve4/qemu/140' [36mloggerName=[0mresource_vm_create [36mvmid=[0m140
2022/09/01 18:14:23 [DEBUG][QemuVmCreate] starting VM
2022/09/01 18:14:27 [DEBUG][initConnInfo] trying to get vm ip address for provisioner
2022/09/01 18:14:27 [DEBUG][initConnInfo] retrying for at most  5m0s minutes before giving up
2022/09/01 18:14:27 [DEBUG][initConnInfo] retries will end at 2022-09-01 18:19:27.173088742 -0400 -04 m=+381.700467434
2022/09/01 18:14:27 [DEBUG][initConnInfo] trying to get vm ip address for provisioner
2022/09/01 18:14:27 [DEBUG][initConnInfo] retrying for at most  5m0s minutes before giving up
2022/09/01 18:14:27 [DEBUG][initConnInfo] retries will end at 2022-09-01 18:19:27.679932768 -0400 -04 m=+382.207311460
2022/09/01 18:14:30 [DEBUG][initConnInfo] check ip result error 500 QEMU guest agent is not running
2022/09/01 18:14:30 [DEBUG][initConnInfo] check ip result error 500 QEMU guest agent is not running
2022/09/01 18:14:43 [DEBUG][initConnInfo] check ip result error 500 QEMU guest agent is not running
2022/09/01 18:14:43 [DEBUG][initConnInfo] check ip result error 500 QEMU guest agent is not running
2022/09/01 18:14:56 [DEBUG][initConnInfo] check ip result error 500 QEMU guest agent is not running
2022/09/01 18:14:56 [DEBUG][initConnInfo] check ip result error 500 QEMU guest agent is not running
2022/09/01 18:15:09 [DEBUG][initConnInfo] check ip result error 500 QEMU guest agent is not running
2022/09/01 18:15:09 [DEBUG][initConnInfo] check ip result error 500 QEMU guest agent is not running
2022/09/01 18:15:22 [DEBUG][initConnInfo] check ip result error 500 QEMU guest agent is not running
2022/09/01 18:15:22 [DEBUG][initConnInfo] check ip result error 500 QEMU guest agent is not running
2022/09/01 18:15:35 [DEBUG][initConnInfo] check ip result error 500 QEMU guest agent is not running
2022/09/01 18:15:36 [DEBUG][initConnInfo] check ip result error 500 QEMU guest agent is not running
2022/09/01 18:15:48 [DEBUG][initConnInfo] check ip result error 500 QEMU guest agent is not running
2022/09/01 18:15:49 [DEBUG][initConnInfo] check ip result error 500 QEMU guest agent is not running
2022/09/01 18:16:01 [DEBUG][initConnInfo] check ip result error 500 QEMU guest agent is not running
2022/09/01 18:16:02 [DEBUG][initConnInfo] check ip result error 500 QEMU guest agent is not running
2022/09/01 18:16:14 [DEBUG][initConnInfo] check ip result error 500 QEMU guest agent is not running
2022/09/01 18:16:15 [DEBUG][initConnInfo] check ip result error 500 QEMU guest agent is not running
2022/09/01 18:16:27 [DEBUG][initConnInfo] check ip result error 500 QEMU guest agent is not running
2022/09/01 18:16:28 [DEBUG][initConnInfo] check ip result error 500 QEMU guest agent is not running
2022/09/01 18:16:40 [DEBUG][initConnInfo] check ip result error 500 QEMU guest agent is not running
2022/09/01 18:16:41 [DEBUG][initConnInfo] check ip result error 500 QEMU guest agent is not running
2022/09/01 18:16:53 [DEBUG][initConnInfo] check ip result error 500 QEMU guest agent is not running
2022/09/01 18:16:54 [DEBUG][initConnInfo] check ip result error 500 QEMU guest agent is not running
2022/09/01 18:17:06 [DEBUG][initConnInfo] check ip result error 500 QEMU guest agent is not running
2022/09/01 18:17:07 [DEBUG][initConnInfo] check ip result error 500 QEMU guest agent is not running
2022/09/01 18:17:20 [DEBUG][initConnInfo] check ip result error 500 QEMU guest agent is not running
2022/09/01 18:17:20 [DEBUG][initConnInfo] check ip result error 500 QEMU guest agent is not running
2022/09/01 18:17:33 [DEBUG][initConnInfo] check ip result error 500 QEMU guest agent is not running
2022/09/01 18:17:33 [DEBUG][initConnInfo] check ip result error 500 QEMU guest agent is not running
2022/09/01 18:17:46 [DEBUG][initConnInfo] check ip result error 500 QEMU guest agent is not running
2022/09/01 18:17:46 [DEBUG][initConnInfo] check ip result error 500 QEMU guest agent is not running
2022/09/01 18:17:59 [DEBUG][initConnInfo] check ip result error 500 QEMU guest agent is not running
2022/09/01 18:17:59 [DEBUG][initConnInfo] check ip result error 500 QEMU guest agent is not running
2022/09/01 18:18:12 [DEBUG][initConnInfo] check ip result error 500 QEMU guest agent is not running
2022/09/01 18:18:12 [DEBUG][initConnInfo] check ip result error 500 QEMU guest agent is not running
2022/09/01 18:18:25 [DEBUG][initConnInfo] check ip result error 500 QEMU guest agent is not running
2022/09/01 18:18:25 [DEBUG][initConnInfo] check ip result error 500 QEMU guest agent is not running
2022/09/01 18:18:38 [DEBUG][initConnInfo] check ip result error 500 QEMU guest agent is not running
2022/09/01 18:18:38 [DEBUG][initConnInfo] check ip result error 500 QEMU guest agent is not running
2022/09/01 18:18:51 [DEBUG][initConnInfo] check ip result error 500 QEMU guest agent is not running
2022/09/01 18:18:52 [DEBUG][initConnInfo] check ip result error 500 QEMU guest agent is not running
2022/09/01 18:19:04 [DEBUG][initConnInfo] check ip result error 500 QEMU guest agent is not running
2022/09/01 18:19:05 [DEBUG][initConnInfo] check ip result error 500 QEMU guest agent is not running
2022/09/01 18:19:17 [DEBUG][initConnInfo] check ip result error 500 QEMU guest agent is not running
2022/09/01 18:19:18 [DEBUG][initConnInfo] check ip result error 500 QEMU guest agent is not running
2022/09/01 18:19:30 [DEBUG][initConnInfo] check ip result error 500 QEMU guest agent is not running
2022/09/01 18:19:31 [DEBUG][initConnInfo] check ip result error 500 QEMU guest agent is not running
[90mThu, 01 Sep 2022 18:20:04 -0400[0m [32mINF[0m [1mgithub.com/Telmate/terraform-provider-proxmox/proxmox/util.go:155[0m[36m >[0m Enabling the capture of log-library logs as ithe _capturelog flag was detected
[90mThu, 01 Sep 2022 18:20:04 -0400[0m [32mINF[0m [1mgithub.com/Telmate/terraform-provider-proxmox/proxmox/util.go:188[0m[36m >[0m Logging Started. Root Logger Set to level debug
[90mThu, 01 Sep 2022 18:20:04 -0400[0m [32mINF[0m [1mgithub.com/Telmate/terraform-provider-proxmox/proxmox/resource_vm_qemu.go:1207[0m[36m >[0m Reading configuration for vmid [36mloggerName=[0mresource_vm_read [36mvmid=[0m140
[90mThu, 01 Sep 2022 18:20:04 -0400[0m [32mINF[0m [1mgithub.com/Telmate/terraform-provider-proxmox/proxmox/resource_vm_qemu.go:1207[0m[36m >[0m Reading configuration for vmid [36mloggerName=[0mresource_vm_read [36mvmid=[0m143
2022/09/01 18:20:07 [DEBUG] VM status: running
[90mThu, 01 Sep 2022 18:20:07 -0400[0m [33mDBG[0m [1mgithub.com/Telmate/terraform-provider-proxmox/proxmox/resource_vm_qemu.go:1236[0m[36m >[0m [READ] Received Config from Proxmox API: {"vmid":0,"name":"tf-test2","desc":"","bios":"seabios","onboot":false,"tablet":true,"agent":1,"memory":2048,"balloon":0,"os":"other","cores":2,"sockets":1,"vcpus":0,"cpu":"host","numa":false,"kvm":true,"hotplug":"network,disk,usb","iso":"local-lvm:vm-143-cloudinit","fullclone":null,"boot":"c","bootdisk":"scsi0","scsihw":"virtio-scsi-pci","disk":{"0":{"file":"vm-143-disk-0","format":"raw","iothread":1,"size":"19660M","slot":0,"storage":"local-lvm","storage_type":"lvmthin","type":"scsi","volume":"local-lvm:vm-143-disk-0"}},"unused_disk":{},"network":{"0":{"bridge":"vmbr0","id":0,"macaddr":"72:74:01:A3:37:BE","model":"virtio","tag":100}},"serial":{"0":{"id":0,"type":"socket"}},"tags":"","args":"","diskGB":0,"storage":"","storageType":"","nic":"","bridge":"","vlan":-1,"mac":"","ciuser":"javier","cipassword":"**********","cicustom":"","searchdomain":"","nameserver":"","sshkeys":"ssh-rsa AAAAB3NzaC1yc2EAAAADAQABAAABgQC+5ymclc5Zq7FxLu6yua9hzZV4nctXaO7eNDun0qE69BenWk5FNP8akf4NaljzG1uxOhjkTWLWjHMCt9EK85CzYwPA874NGLyoNI8/2n9CMS9qLGOZYyAXfwLxQOg+xGUk4oTY3VdTcaBWkaouxH4ymsNFubf7UfVHlqZofi4v5L4sAJgHMOsrlYQhIhNgOzSEL0VbT6NhKx5QE7G9ZT2/LL/vupSFCu7hudqeWTWMRV2A/lgEi3l0dEOZpx3kH2DhXDPfFNaw5eVrok/LYCHCVZeY3eKcAYLYLTDQjLpkQ5GTB6TAt1wo4CEP8n67qEYgX7d0zXDjtRWYBuxgqwCL8VjkjvVPRzNDGCKeqM4Il3mciVmGoiQFEyuPLRThH/zuKfmQE51xALYbVfbGT05LcDtNv0rJcHjQA2hD4Dz86p1Gip4VSWCSBtvFs16PPZnUWv4zE39K4DmK9ARujW5sg41/NkcVxDxLAFAe/cdcGPxmEtXBWbIRxtW18egK9A0= javier@javier-pc\n","ipconfig0":"ip=10.0.0.107/24,gw=10.0.0.1","ipconfig1":"","ipconfig2":"","ipconfig3":"","ipconfig4":"","ipconfig5":"","ipconfig6":"","ipconfig7":"","ipconfig8":"","ipconfig9":"","ipconfig10":"","ipconfig11":"","ipconfig12":"","ipconfig13":"","ipconfig14":"","ipconfig15":""} [36mloggerName=[0mresource_vm_read [36mvmid=[0m143
[90mThu, 01 Sep 2022 18:20:07 -0400[0m [33mDBG[0m [1mgithub.com/Telmate/terraform-provider-proxmox/proxmox/resource_vm_qemu.go:1328[0m[36m >[0m Unused Disk Block Processed 'map[0:map[bridge:vmbr0 id:0 macaddr:72:74:01:A3:37:BE model:virtio tag:100]]' [36mloggerName=[0mresource_vm_read [36mvmid=[0m143
[90mThu, 01 Sep 2022 18:20:07 -0400[0m [33mDBG[0m [1mgithub.com/Telmate/terraform-provider-proxmox/proxmox/resource_vm_qemu.go:1342[0m[36m >[0m Network block received 'map[0:map[bridge:vmbr0 id:0 macaddr:72:74:01:A3:37:BE model:virtio tag:100]]' [36mloggerName=[0mresource_vm_read [36mvmid=[0m143
[90mThu, 01 Sep 2022 18:20:07 -0400[0m [33mDBG[0m [1mgithub.com/Telmate/terraform-provider-proxmox/proxmox/resource_vm_qemu.go:1403[0m[36m >[0m VM Net Config 'map[0:map[bridge:vmbr0 id:0 macaddr:72:74:01:A3:37:BE model:virtio tag:100]]' from '[map[bridge:vmbr0 macaddr:72:74:01:A3:37:BE model:virtio tag:100]]' set as '[map[bridge:vmbr0 firewall:false link_down:false macaddr:72:74:01:A3:37:BE model:virtio queues:0 rate:0 tag:100]]' type of 'string' [36mloggerName=[0mresource_vm_read [36mvmid=[0m143
[90mThu, 01 Sep 2022 18:20:07 -0400[0m [33mDBG[0m [1mgithub.com/Telmate/terraform-provider-proxmox/proxmox/resource_vm_qemu.go:1405[0m[36m >[0m Finished VM read resulting in data: '{"additional_wait":0,"agent":1,"args":"","balloon":0,"bios":"seabios","boot":"c","bootdisk":"scsi0","bridge":"","ci_wait":0,"cicustom":"","cipassword":"","ciuser":"javier","clone":"ubuntu-cloud","clone_wait":0,"cloudinit_cdrom_storage":"","cores":2,"cpu":"host","default_ipv4_address":"","define_connection_info":true,"desc":"","disk":[{"backup":0,"cache":"none","discard":"","file":"vm-143-disk-0","format":"raw","iothread":1,"mbps":0,"mbps_rd":0,"mbps_rd_max":0,"mbps_wr":0,"mbps_wr_max":0,"media":"","replicate":0,"size":"19660M","slot":0,"ssd":0,"storage":"local-lvm","storage_type":"lvmthin","type":"scsi","volume":"local-lvm:vm-143-disk-0"}],"disk_gb":0,"force_create":false,"force_recreate_on_change_of":"","full_clone":true,"guest_agent_ready_timeout":100,"hagroup":"","hastate":"","hotplug":"network,disk,usb","ipconfig0":"ip=10.0.0.107/24,gw=10.0.0.1","ipconfig1":"","ipconfig2":"","ipconfig3":"","ipconfig4":"","ipconfig5":"","iso":"","kvm":true,"mac":"","memory":2048,"name":"tf-test2","nameserver":"","network":[{"bridge":"vmbr0","firewall":false,"link_down":false,"macaddr":"72:74:01:A3:37:BE","model":"virtio","queues":0,"rate":0,"tag":100}],"nic":"","numa":false,"onboot":false,"oncreate":true,"os_network_config":"","os_type":"cloud-init","pool":"","preprovision":true,"qemu_os":"other","reboot_required":false,"scsihw":"virtio-scsi-pci","searchdomain":"","serial":[],"sockets":1,"ssh_forward_ip":"","ssh_host":"","ssh_port":"","ssh_private_key":"","ssh_user":"","sshkeys":"ssh-rsa AAAAB3NzaC1yc2EAAAADAQABAAABgQC+5ymclc5Zq7FxLu6yua9hzZV4nctXaO7eNDun0qE69BenWk5FNP8akf4NaljzG1uxOhjkTWLWjHMCt9EK85CzYwPA874NGLyoNI8/2n9CMS9qLGOZYyAXfwLxQOg+xGUk4oTY3VdTcaBWkaouxH4ymsNFubf7UfVHlqZofi4v5L4sAJgHMOsrlYQhIhNgOzSEL0VbT6NhKx5QE7G9ZT2/LL/vupSFCu7hudqeWTWMRV2A/lgEi3l0dEOZpx3kH2DhXDPfFNaw5eVrok/LYCHCVZeY3eKcAYLYLTDQjLpkQ5GTB6TAt1wo4CEP8n67qEYgX7d0zXDjtRWYBuxgqwCL8VjkjvVPRzNDGCKeqM4Il3mciVmGoiQFEyuPLRThH/zuKfmQE51xALYbVfbGT05LcDtNv0rJcHjQA2hD4Dz86p1Gip4VSWCSBtvFs16PPZnUWv4zE39K4DmK9ARujW5sg41/NkcVxDxLAFAe/cdcGPxmEtXBWbIRxtW18egK9A0= javier@javier-pc\n","storage":"","storage_type":"","tablet":true,"tags":"","target_node":"pve4","unused_disk":[],"vcpus":0,"vga":[],"vlan":-1,"vmid":0}' [36mloggerName=[0mresource_vm_read [36mvmid=[0m143
2022/09/01 18:20:07 [DEBUG] VM status: running
[90mThu, 01 Sep 2022 18:20:07 -0400[0m [33mDBG[0m [1mgithub.com/Telmate/terraform-provider-proxmox/proxmox/resource_vm_qemu.go:1236[0m[36m >[0m [READ] Received Config from Proxmox API: {"vmid":0,"name":"tf-test","desc":"","bios":"seabios","onboot":false,"tablet":true,"agent":1,"memory":2048,"balloon":0,"os":"other","cores":2,"sockets":1,"vcpus":0,"cpu":"host","numa":false,"kvm":true,"hotplug":"network,disk,usb","iso":"local-lvm:vm-140-cloudinit","fullclone":null,"boot":"c","bootdisk":"scsi0","scsihw":"virtio-scsi-pci","disk":{"0":{"file":"vm-140-disk-0","format":"raw","iothread":1,"size":"19660M","slot":0,"storage":"local-lvm","storage_type":"lvmthin","type":"scsi","volume":"local-lvm:vm-140-disk-0"}},"unused_disk":{},"network":{"0":{"bridge":"vmbr0","id":0,"macaddr":"F2:5C:C8:A1:5C:04","model":"virtio","tag":100}},"serial":{"0":{"id":0,"type":"socket"}},"tags":"","args":"","diskGB":0,"storage":"","storageType":"","nic":"","bridge":"","vlan":-1,"mac":"","ciuser":"javier","cipassword":"**********","cicustom":"","searchdomain":"","nameserver":"","sshkeys":"ssh-rsa AAAAB3NzaC1yc2EAAAADAQABAAABgQC+5ymclc5Zq7FxLu6yua9hzZV4nctXaO7eNDun0qE69BenWk5FNP8akf4NaljzG1uxOhjkTWLWjHMCt9EK85CzYwPA874NGLyoNI8/2n9CMS9qLGOZYyAXfwLxQOg+xGUk4oTY3VdTcaBWkaouxH4ymsNFubf7UfVHlqZofi4v5L4sAJgHMOsrlYQhIhNgOzSEL0VbT6NhKx5QE7G9ZT2/LL/vupSFCu7hudqeWTWMRV2A/lgEi3l0dEOZpx3kH2DhXDPfFNaw5eVrok/LYCHCVZeY3eKcAYLYLTDQjLpkQ5GTB6TAt1wo4CEP8n67qEYgX7d0zXDjtRWYBuxgqwCL8VjkjvVPRzNDGCKeqM4Il3mciVmGoiQFEyuPLRThH/zuKfmQE51xALYbVfbGT05LcDtNv0rJcHjQA2hD4Dz86p1Gip4VSWCSBtvFs16PPZnUWv4zE39K4DmK9ARujW5sg41/NkcVxDxLAFAe/cdcGPxmEtXBWbIRxtW18egK9A0= javier@javier-pc\n","ipconfig0":"ip=10.0.0.106/24,gw=10.0.0.1","ipconfig1":"","ipconfig2":"","ipconfig3":"","ipconfig4":"","ipconfig5":"","ipconfig6":"","ipconfig7":"","ipconfig8":"","ipconfig9":"","ipconfig10":"","ipconfig11":"","ipconfig12":"","ipconfig13":"","ipconfig14":"","ipconfig15":""} [36mloggerName=[0mresource_vm_read [36mvmid=[0m140
[90mThu, 01 Sep 2022 18:20:07 -0400[0m [33mDBG[0m [1mgithub.com/Telmate/terraform-provider-proxmox/proxmox/resource_vm_qemu.go:1328[0m[36m >[0m Unused Disk Block Processed 'map[0:map[bridge:vmbr0 id:0 macaddr:F2:5C:C8:A1:5C:04 model:virtio tag:100]]' [36mloggerName=[0mresource_vm_read [36mvmid=[0m140
[90mThu, 01 Sep 2022 18:20:07 -0400[0m [33mDBG[0m [1mgithub.com/Telmate/terraform-provider-proxmox/proxmox/resource_vm_qemu.go:1342[0m[36m >[0m Network block received 'map[0:map[bridge:vmbr0 id:0 macaddr:F2:5C:C8:A1:5C:04 model:virtio tag:100]]' [36mloggerName=[0mresource_vm_read [36mvmid=[0m140
[90mThu, 01 Sep 2022 18:20:07 -0400[0m [33mDBG[0m [1mgithub.com/Telmate/terraform-provider-proxmox/proxmox/resource_vm_qemu.go:1403[0m[36m >[0m VM Net Config 'map[0:map[bridge:vmbr0 id:0 macaddr:F2:5C:C8:A1:5C:04 model:virtio tag:100]]' from '[map[bridge:vmbr0 macaddr:F2:5C:C8:A1:5C:04 model:virtio tag:100]]' set as '[map[bridge:vmbr0 firewall:false link_down:false macaddr:F2:5C:C8:A1:5C:04 model:virtio queues:0 rate:0 tag:100]]' type of 'string' [36mloggerName=[0mresource_vm_read [36mvmid=[0m140
[90mThu, 01 Sep 2022 18:20:07 -0400[0m [33mDBG[0m [1mgithub.com/Telmate/terraform-provider-proxmox/proxmox/resource_vm_qemu.go:1405[0m[36m >[0m Finished VM read resulting in data: '{"additional_wait":0,"agent":1,"args":"","balloon":0,"bios":"seabios","boot":"c","bootdisk":"scsi0","bridge":"","ci_wait":0,"cicustom":"","cipassword":"","ciuser":"javier","clone":"ubuntu-cloud","clone_wait":0,"cloudinit_cdrom_storage":"","cores":2,"cpu":"host","default_ipv4_address":"","define_connection_info":true,"desc":"","disk":[{"backup":0,"cache":"none","discard":"","file":"vm-140-disk-0","format":"raw","iothread":1,"mbps":0,"mbps_rd":0,"mbps_rd_max":0,"mbps_wr":0,"mbps_wr_max":0,"media":"","replicate":0,"size":"19660M","slot":0,"ssd":0,"storage":"local-lvm","storage_type":"lvmthin","type":"scsi","volume":"local-lvm:vm-140-disk-0"}],"disk_gb":0,"force_create":false,"force_recreate_on_change_of":"","full_clone":true,"guest_agent_ready_timeout":100,"hagroup":"","hastate":"","hotplug":"network,disk,usb","ipconfig0":"ip=10.0.0.106/24,gw=10.0.0.1","ipconfig1":"","ipconfig2":"","ipconfig3":"","ipconfig4":"","ipconfig5":"","iso":"","kvm":true,"mac":"","memory":2048,"name":"tf-test","nameserver":"","network":[{"bridge":"vmbr0","firewall":false,"link_down":false,"macaddr":"F2:5C:C8:A1:5C:04","model":"virtio","queues":0,"rate":0,"tag":100}],"nic":"","numa":false,"onboot":false,"oncreate":true,"os_network_config":"","os_type":"cloud-init","pool":"","preprovision":true,"qemu_os":"other","reboot_required":false,"scsihw":"virtio-scsi-pci","searchdomain":"","serial":[],"sockets":1,"ssh_forward_ip":"","ssh_host":"","ssh_port":"","ssh_private_key":"","ssh_user":"","sshkeys":"ssh-rsa AAAAB3NzaC1yc2EAAAADAQABAAABgQC+5ymclc5Zq7FxLu6yua9hzZV4nctXaO7eNDun0qE69BenWk5FNP8akf4NaljzG1uxOhjkTWLWjHMCt9EK85CzYwPA874NGLyoNI8/2n9CMS9qLGOZYyAXfwLxQOg+xGUk4oTY3VdTcaBWkaouxH4ymsNFubf7UfVHlqZofi4v5L4sAJgHMOsrlYQhIhNgOzSEL0VbT6NhKx5QE7G9ZT2/LL/vupSFCu7hudqeWTWMRV2A/lgEi3l0dEOZpx3kH2DhXDPfFNaw5eVrok/LYCHCVZeY3eKcAYLYLTDQjLpkQ5GTB6TAt1wo4CEP8n67qEYgX7d0zXDjtRWYBuxgqwCL8VjkjvVPRzNDGCKeqM4Il3mciVmGoiQFEyuPLRThH/zuKfmQE51xALYbVfbGT05LcDtNv0rJcHjQA2hD4Dz86p1Gip4VSWCSBtvFs16PPZnUWv4zE39K4DmK9ARujW5sg41/NkcVxDxLAFAe/cdcGPxmEtXBWbIRxtW18egK9A0= javier@javier-pc\n","storage":"","storage_type":"","tablet":true,"tags":"","target_node":"pve4","unused_disk":[],"vcpus":0,"vga":[],"vlan":-1,"vmid":0}' [36mloggerName=[0mresource_vm_read [36mvmid=[0m140
[90mThu, 01 Sep 2022 18:20:11 -0400[0m [32mINF[0m [1mgithub.com/Telmate/terraform-provider-proxmox/proxmox/util.go:155[0m[36m >[0m Enabling the capture of log-library logs as ithe _capturelog flag was detected
[90mThu, 01 Sep 2022 18:20:11 -0400[0m [32mINF[0m [1mgithub.com/Telmate/terraform-provider-proxmox/proxmox/util.go:188[0m[36m >[0m Logging Started. Root Logger Set to level debug
